  pch.cpp
  dllmain.cpp
C:\Users\Kenji\Documents\GitHub\RewindClient\RewindClientDll\Dll1\CppSDK\UnrealContainers.hpp(420,19): error C2512: 'UC::FString': no appropriate default constructor available
  (compiling source file 'dllmain.cpp')
      C:\Users\Kenji\Documents\GitHub\RewindClient\RewindClientDll\Dll1\CppSDK\UnrealContainers.hpp(327,8):
      see declaration of 'UC::FString'
  
C:\Users\Kenji\Documents\GitHub\RewindClient\RewindClientDll\Dll1\CppSDK\SDK\Basic.hpp(58,16): error C2039: 'invocable': is not a member of 'std'
  (compiling source file 'dllmain.cpp')
      C:\Program Files\Microsoft Visual Studio\2022\Community\VC\Tools\MSVC\14.41.34120\include\functional(31,1):
      see declaration of 'std'
  
C:\Users\Kenji\Documents\GitHub\RewindClient\RewindClientDll\Dll1\CppSDK\SDK\Basic.hpp(58,16): error C2061: syntax error: identifier 'invocable'
  (compiling source file 'dllmain.cpp')
  
C:\Users\Kenji\Documents\GitHub\RewindClient\RewindClientDll\Dll1\CppSDK\SDK\Basic.hpp(60,2): error C2143: syntax error: missing ';' before '{'
  (compiling source file 'dllmain.cpp')
  
C:\Users\Kenji\Documents\GitHub\RewindClient\RewindClientDll\Dll1\CppSDK\SDK\Basic.hpp(60,2): error C2447: '{': missing function header (old-style formal list?)
  (compiling source file 'dllmain.cpp')
  
C:\Users\Kenji\Documents\GitHub\RewindClient\RewindClientDll\Dll1\CppSDK\SDK\Basic.hpp(71,12): error C3646: 'StringLiteral': unknown override specifier
  (compiling source file 'dllmain.cpp')
      C:\Users\Kenji\Documents\GitHub\RewindClient\RewindClientDll\Dll1\CppSDK\SDK\Basic.hpp(71,12):
      the template instantiation context (the oldest one first) is
          C:\Users\Kenji\Documents\GitHub\RewindClient\RewindClientDll\Dll1\CppSDK\SDK\Basic.hpp(67,8):
          while compiling class template 'SDK::StringLiteral'
  
C:\Users\Kenji\Documents\GitHub\RewindClient\RewindClientDll\Dll1\CppSDK\SDK\Basic.hpp(71,25): error C2059: syntax error: '('
  (compiling source file 'dllmain.cpp')
  
C:\Users\Kenji\Documents\GitHub\RewindClient\RewindClientDll\Dll1\CppSDK\SDK\Basic.hpp(72,2): error C2334: unexpected token(s) preceding '{'; skipping apparent function body
  (compiling source file 'dllmain.cpp')
  
C:\Users\Kenji\Documents\GitHub\RewindClient\RewindClientDll\Dll1\CppSDK\SDK\Basic.hpp(106,24): error C7592: a non-type template-parameter of type 'SDK::StringLiteral' requires at least '/std:c++20'
  (compiling source file 'dllmain.cpp')
  
C:\Users\Kenji\Documents\GitHub\RewindClient\RewindClientDll\Dll1\CppSDK\SDK\Basic.hpp(113,3): warning C4984: 'if constexpr' is a C++17 language extension
  (compiling source file 'dllmain.cpp')
  
C:\Users\Kenji\Documents\GitHub\RewindClient\RewindClientDll\Dll1\CppSDK\SDK\Basic.hpp(114,33): error C2039: 'FindClassByFullName': is not a member of 'SDK::BasicFilesImpleUtils'
  (compiling source file 'dllmain.cpp')
      C:\Users\Kenji\Documents\GitHub\RewindClient\RewindClientDll\Dll1\CppSDK\SDK\Basic.hpp(89,11):
      see declaration of 'SDK::BasicFilesImpleUtils'
  
C:\Users\Kenji\Documents\GitHub\RewindClient\RewindClientDll\Dll1\CppSDK\SDK\Basic.hpp(117,33): error C2039: 'FindClassByName': is not a member of 'SDK::BasicFilesImpleUtils'
  (compiling source file 'dllmain.cpp')
      C:\Users\Kenji\Documents\GitHub\RewindClient\RewindClientDll\Dll1\CppSDK\SDK\Basic.hpp(89,11):
      see declaration of 'SDK::BasicFilesImpleUtils'
  
C:\Users\Kenji\Documents\GitHub\RewindClient\RewindClientDll\Dll1\CppSDK\SDK\Basic.hpp(124,24): error C7592: a non-type template-parameter of type 'SDK::StringLiteral' requires at least '/std:c++20'
  (compiling source file 'dllmain.cpp')
  
C:\Users\Kenji\Documents\GitHub\RewindClient\RewindClientDll\Dll1\CppSDK\SDK\Basic.hpp(124,70): error C7592: a non-type template-parameter of type 'SDK::StringLiteral' requires at least '/std:c++20'
  (compiling source file 'dllmain.cpp')
  
C:\Users\Kenji\Documents\GitHub\RewindClient\RewindClientDll\Dll1\CppSDK\SDK\Basic.hpp(143,2): warning C4984: 'if constexpr' is a C++17 language extension
  (compiling source file 'dllmain.cpp')
  
C:\Users\Kenji\Documents\GitHub\RewindClient\RewindClientDll\Dll1\CppSDK\SDK\Basic.hpp(132,34): error C2039: 'GetObjectIndex': is not a member of 'SDK::BasicFilesImpleUtils'
  (compiling source file 'dllmain.cpp')
      C:\Users\Kenji\Documents\GitHub\RewindClient\RewindClientDll\Dll1\CppSDK\SDK\Basic.hpp(89,11):
      see declaration of 'SDK::BasicFilesImpleUtils'
  
C:\Users\Kenji\Documents\GitHub\RewindClient\RewindClientDll\Dll1\CppSDK\SDK\Basic.hpp(133,38): error C2039: 'GetObjFNameAsUInt64': is not a member of 'SDK::BasicFilesImpleUtils'
  (compiling source file 'dllmain.cpp')
      C:\Users\Kenji\Documents\GitHub\RewindClient\RewindClientDll\Dll1\CppSDK\SDK\Basic.hpp(89,11):
      see declaration of 'SDK::BasicFilesImpleUtils'
  
C:\Users\Kenji\Documents\GitHub\RewindClient\RewindClientDll\Dll1\CppSDK\SDK\Basic.hpp(146,47): error C2039: 'FindClassByFullName': is not a member of 'SDK::BasicFilesImpleUtils'
  (compiling source file 'dllmain.cpp')
      C:\Users\Kenji\Documents\GitHub\RewindClient\RewindClientDll\Dll1\CppSDK\SDK\Basic.hpp(89,11):
      see declaration of 'SDK::BasicFilesImpleUtils'
  
C:\Users\Kenji\Documents\GitHub\RewindClient\RewindClientDll\Dll1\CppSDK\SDK\Basic.hpp(148,65): error C2039: 'GetObjectByIndex': is not a member of 'SDK::BasicFilesImpleUtils'
  (compiling source file 'dllmain.cpp')
      C:\Users\Kenji\Documents\GitHub\RewindClient\RewindClientDll\Dll1\CppSDK\SDK\Basic.hpp(89,11):
      see declaration of 'SDK::BasicFilesImpleUtils'
  
C:\Users\Kenji\Documents\GitHub\RewindClient\RewindClientDll\Dll1\CppSDK\SDK\Basic.hpp(151,42): error C2039: 'GetObjFNameAsUInt64': is not a member of 'SDK::BasicFilesImpleUtils'
  (compiling source file 'dllmain.cpp')
      C:\Users\Kenji\Documents\GitHub\RewindClient\RewindClientDll\Dll1\CppSDK\SDK\Basic.hpp(89,11):
      see declaration of 'SDK::BasicFilesImpleUtils'
  
C:\Users\Kenji\Documents\GitHub\RewindClient\RewindClientDll\Dll1\CppSDK\SDK\Basic.hpp(152,47): error C2039: 'FindClassByFullName': is not a member of 'SDK::BasicFilesImpleUtils'
  (compiling source file 'dllmain.cpp')
      C:\Users\Kenji\Documents\GitHub\RewindClient\RewindClientDll\Dll1\CppSDK\SDK\Basic.hpp(89,11):
      see declaration of 'SDK::BasicFilesImpleUtils'
  
C:\Users\Kenji\Documents\GitHub\RewindClient\RewindClientDll\Dll1\CppSDK\SDK\Basic.hpp(159,47): error C2039: 'FindClassByName': is not a member of 'SDK::BasicFilesImpleUtils'
  (compiling source file 'dllmain.cpp')
      C:\Users\Kenji\Documents\GitHub\RewindClient\RewindClientDll\Dll1\CppSDK\SDK\Basic.hpp(89,11):
      see declaration of 'SDK::BasicFilesImpleUtils'
  
C:\Users\Kenji\Documents\GitHub\RewindClient\RewindClientDll\Dll1\CppSDK\SDK\Basic.hpp(161,65): error C2039: 'GetObjectByIndex': is not a member of 'SDK::BasicFilesImpleUtils'
  (compiling source file 'dllmain.cpp')
      C:\Users\Kenji\Documents\GitHub\RewindClient\RewindClientDll\Dll1\CppSDK\SDK\Basic.hpp(89,11):
      see declaration of 'SDK::BasicFilesImpleUtils'
  
C:\Users\Kenji\Documents\GitHub\RewindClient\RewindClientDll\Dll1\CppSDK\SDK\Basic.hpp(164,42): error C2039: 'GetObjFNameAsUInt64': is not a member of 'SDK::BasicFilesImpleUtils'
  (compiling source file 'dllmain.cpp')
      C:\Users\Kenji\Documents\GitHub\RewindClient\RewindClientDll\Dll1\CppSDK\SDK\Basic.hpp(89,11):
      see declaration of 'SDK::BasicFilesImpleUtils'
  
C:\Users\Kenji\Documents\GitHub\RewindClient\RewindClientDll\Dll1\CppSDK\SDK\Basic.hpp(165,47): error C2039: 'FindClassByName': is not a member of 'SDK::BasicFilesImpleUtils'
  (compiling source file 'dllmain.cpp')
      C:\Users\Kenji\Documents\GitHub\RewindClient\RewindClientDll\Dll1\CppSDK\SDK\Basic.hpp(89,11):
      see declaration of 'SDK::BasicFilesImpleUtils'
  
C:\Users\Kenji\Documents\GitHub\RewindClient\RewindClientDll\Dll1\CppSDK\SDK\Basic.hpp(193,21): error C7525: inline variables require at least '/std:c++17'
  (compiling source file 'dllmain.cpp')
  
C:\Users\Kenji\Documents\GitHub\RewindClient\RewindClientDll\Dll1\CppSDK\SDK\Basic.hpp(193,21): error C2864: 'SDK::TUObjectArray::DecryptPtr': a static data member with an in-class initializer must have non-volatile const integral type or be specified as 'inline'
  (compiling source file 'dllmain.cpp')
      C:\Users\Kenji\Documents\GitHub\RewindClient\RewindClientDll\Dll1\CppSDK\SDK\Basic.hpp(196,2):
      type is 'SDK::TUObjectArray::<lambda_1>'
  
C:\Users\Kenji\Documents\GitHub\RewindClient\RewindClientDll\Dll1\CppSDK\SDK\Basic.hpp(255,25): warning C5051: attribute [[unlikely]] requires at least '/std:c++20'; ignored
  (compiling source file 'dllmain.cpp')
  
C:\Users\Kenji\Documents\GitHub\RewindClient\RewindClientDll\Dll1\CppSDK\SDK\Basic.hpp(263,25): warning C5051: attribute [[unlikely]] requires at least '/std:c++20'; ignored
  (compiling source file 'dllmain.cpp')
  
C:\Users\Kenji\Documents\GitHub\RewindClient\RewindClientDll\Dll1\CppSDK\SDK\Basic.hpp(271,25): warning C5051: attribute [[unlikely]] requires at least '/std:c++20'; ignored
  (compiling source file 'dllmain.cpp')
  
C:\Users\Kenji\Documents\GitHub\RewindClient\RewindClientDll\Dll1\CppSDK\SDK\Basic.hpp(283,48): error C7525: inline variables require at least '/std:c++17'
  (compiling source file 'dllmain.cpp')
  
C:\Users\Kenji\Documents\GitHub\RewindClient\RewindClientDll\Dll1\CppSDK\SDK\Basic.hpp(283,48): error C2864: 'SDK::FName::AppendString': a static data member with an in-class initializer must have non-volatile const integral type or be specified as 'inline'
  (compiling source file 'dllmain.cpp')
      C:\Users\Kenji\Documents\GitHub\RewindClient\RewindClientDll\Dll1\CppSDK\SDK\Basic.hpp(283,63):
      type is 'void *'
  
C:\Users\Kenji\Documents\GitHub\RewindClient\RewindClientDll\Dll1\CppSDK\SDK\Basic.hpp(310,15): error C2039: 'CallGameFunction': is not a member of 'SDK::InSDKUtils'
  (compiling source file 'dllmain.cpp')
      C:\Users\Kenji\Documents\GitHub\RewindClient\RewindClientDll\Dll1\CppSDK\SDK\Basic.hpp(42,11):
      see declaration of 'SDK::InSDKUtils'
  
C:\Users\Kenji\Documents\GitHub\RewindClient\RewindClientDll\Dll1\CppSDK\SDK\Basic.hpp(310,15): error C3861: 'CallGameFunction': identifier not found
  (compiling source file 'dllmain.cpp')
  
C:\Users\Kenji\Documents\GitHub\RewindClient\RewindClientDll\Dll1\CppSDK\SDK\CoreUObject_classes.hpp(22,48): error C7525: inline variables require at least '/std:c++17'
  (compiling source file 'dllmain.cpp')
  
C:\Users\Kenji\Documents\GitHub\RewindClient\RewindClientDll\Dll1\CppSDK\SDK\CoreUObject_classes.hpp(67,15): error C2039: 'CallGameFunction': is not a member of 'SDK::InSDKUtils'
  (compiling source file 'dllmain.cpp')
      C:\Users\Kenji\Documents\GitHub\RewindClient\RewindClientDll\Dll1\CppSDK\SDK\Basic.hpp(42,11):
      see declaration of 'SDK::InSDKUtils'
  
C:\Users\Kenji\Documents\GitHub\RewindClient\RewindClientDll\Dll1\CppSDK\SDK\CoreUObject_classes.hpp(67,15): error C3861: 'CallGameFunction': identifier not found
  (compiling source file 'dllmain.cpp')
  
C:\Users\Kenji\Documents\GitHub\RewindClient\RewindClientDll\Dll1\CppSDK\SDK\CoreUObject_classes.hpp(70,32): error C2338: static_assert failed: 'Wrong alignment on UObject'
  (compiling source file 'dllmain.cpp')
  
C:\Users\Kenji\Documents\GitHub\RewindClient\RewindClientDll\Dll1\CppSDK\SDK\CoreUObject_classes.hpp(89,10): error C2672: 'SDK::StaticClassImpl': no matching overloaded function found
  (compiling source file 'dllmain.cpp')
      C:\Users\Kenji\Documents\GitHub\RewindClient\RewindClientDll\Dll1\CppSDK\SDK\Basic.hpp(107,15):
      could be 'SDK::UClass *SDK::StaticClassImpl(void)'
          C:\Users\Kenji\Documents\GitHub\RewindClient\RewindClientDll\Dll1\CppSDK\SDK\CoreUObject_classes.hpp(89,26):
          'SDK::StaticClassImpl': invalid expression as a template argument for 'Name'
  
C:\Users\Kenji\Documents\GitHub\RewindClient\RewindClientDll\Dll1\CppSDK\SDK\CoreUObject_classes.hpp(117,10): error C2672: 'SDK::StaticClassImpl': no matching overloaded function found
  (compiling source file 'dllmain.cpp')
      C:\Users\Kenji\Documents\GitHub\RewindClient\RewindClientDll\Dll1\CppSDK\SDK\Basic.hpp(107,15):
      could be 'SDK::UClass *SDK::StaticClassImpl(void)'
          C:\Users\Kenji\Documents\GitHub\RewindClient\RewindClientDll\Dll1\CppSDK\SDK\CoreUObject_classes.hpp(117,26):
          'SDK::StaticClassImpl': invalid expression as a template argument for 'Name'
  
C:\Users\Kenji\Documents\GitHub\RewindClient\RewindClientDll\Dll1\CppSDK\SDK\CoreUObject_classes.hpp(141,10): error C2672: 'SDK::StaticClassImpl': no matching overloaded function found
  (compiling source file 'dllmain.cpp')
      C:\Users\Kenji\Documents\GitHub\RewindClient\RewindClientDll\Dll1\CppSDK\SDK\Basic.hpp(107,15):
      could be 'SDK::UClass *SDK::StaticClassImpl(void)'
          C:\Users\Kenji\Documents\GitHub\RewindClient\RewindClientDll\Dll1\CppSDK\SDK\CoreUObject_classes.hpp(141,26):
          'SDK::StaticClassImpl': invalid expression as a template argument for 'Name'
  
C:\Users\Kenji\Documents\GitHub\RewindClient\RewindClientDll\Dll1\CppSDK\SDK\CoreUObject_classes.hpp(161,10): error C2672: 'SDK::StaticClassImpl': no matching overloaded function found
  (compiling source file 'dllmain.cpp')
      C:\Users\Kenji\Documents\GitHub\RewindClient\RewindClientDll\Dll1\CppSDK\SDK\Basic.hpp(107,15):
      could be 'SDK::UClass *SDK::StaticClassImpl(void)'
          C:\Users\Kenji\Documents\GitHub\RewindClient\RewindClientDll\Dll1\CppSDK\SDK\CoreUObject_classes.hpp(161,26):
          'SDK::StaticClassImpl': invalid expression as a template argument for 'Name'
  
C:\Users\Kenji\Documents\GitHub\RewindClient\RewindClientDll\Dll1\CppSDK\SDK\CoreUObject_classes.hpp(186,10): error C2672: 'SDK::StaticClassImpl': no matching overloaded function found
  (compiling source file 'dllmain.cpp')
      C:\Users\Kenji\Documents\GitHub\RewindClient\RewindClientDll\Dll1\CppSDK\SDK\Basic.hpp(107,15):
      could be 'SDK::UClass *SDK::StaticClassImpl(void)'
          C:\Users\Kenji\Documents\GitHub\RewindClient\RewindClientDll\Dll1\CppSDK\SDK\CoreUObject_classes.hpp(186,26):
          'SDK::StaticClassImpl': invalid expression as a template argument for 'Name'
  
C:\Users\Kenji\Documents\GitHub\RewindClient\RewindClientDll\Dll1\CppSDK\SDK\CoreUObject_classes.hpp(207,10): error C2672: 'SDK::StaticClassImpl': no matching overloaded function found
  (compiling source file 'dllmain.cpp')
      C:\Users\Kenji\Documents\GitHub\RewindClient\RewindClientDll\Dll1\CppSDK\SDK\Basic.hpp(107,15):
      could be 'SDK::UClass *SDK::StaticClassImpl(void)'
          C:\Users\Kenji\Documents\GitHub\RewindClient\RewindClientDll\Dll1\CppSDK\SDK\CoreUObject_classes.hpp(207,26):
          'SDK::StaticClassImpl': invalid expression as a template argument for 'Name'
  
C:\Users\Kenji\Documents\GitHub\RewindClient\RewindClientDll\Dll1\CppSDK\SDK\CoreUObject_classes.hpp(224,10): error C2672: 'SDK::StaticClassImpl': no matching overloaded function found
  (compiling source file 'dllmain.cpp')
      C:\Users\Kenji\Documents\GitHub\RewindClient\RewindClientDll\Dll1\CppSDK\SDK\Basic.hpp(107,15):
      could be 'SDK::UClass *SDK::StaticClassImpl(void)'
          C:\Users\Kenji\Documents\GitHub\RewindClient\RewindClientDll\Dll1\CppSDK\SDK\CoreUObject_classes.hpp(224,26):
          'SDK::StaticClassImpl': invalid expression as a template argument for 'Name'
  
C:\Users\Kenji\Documents\GitHub\RewindClient\RewindClientDll\Dll1\CppSDK\SDK\CoreUObject_classes.hpp(241,10): error C2672: 'SDK::StaticClassImpl': no matching overloaded function found
  (compiling source file 'dllmain.cpp')
      C:\Users\Kenji\Documents\GitHub\RewindClient\RewindClientDll\Dll1\CppSDK\SDK\Basic.hpp(107,15):
      could be 'SDK::UClass *SDK::StaticClassImpl(void)'
          C:\Users\Kenji\Documents\GitHub\RewindClient\RewindClientDll\Dll1\CppSDK\SDK\CoreUObject_classes.hpp(241,26):
          'SDK::StaticClassImpl': invalid expression as a template argument for 'Name'
  
C:\Users\Kenji\Documents\GitHub\RewindClient\RewindClientDll\Dll1\CppSDK\SDK\CoreUObject_classes.hpp(261,10): error C2672: 'SDK::StaticClassImpl': no matching overloaded function found
  (compiling source file 'dllmain.cpp')
      C:\Users\Kenji\Documents\GitHub\RewindClient\RewindClientDll\Dll1\CppSDK\SDK\Basic.hpp(107,15):
      could be 'SDK::UClass *SDK::StaticClassImpl(void)'
          C:\Users\Kenji\Documents\GitHub\RewindClient\RewindClientDll\Dll1\CppSDK\SDK\CoreUObject_classes.hpp(261,26):
          'SDK::StaticClassImpl': invalid expression as a template argument for 'Name'
  
C:\Users\Kenji\Documents\GitHub\RewindClient\RewindClientDll\Dll1\CppSDK\SDK\CoreUObject_classes.hpp(281,10): error C2672: 'SDK::StaticClassImpl': no matching overloaded function found
  (compiling source file 'dllmain.cpp')
      C:\Users\Kenji\Documents\GitHub\RewindClient\RewindClientDll\Dll1\CppSDK\SDK\Basic.hpp(107,15):
      could be 'SDK::UClass *SDK::StaticClassImpl(void)'
          C:\Users\Kenji\Documents\GitHub\RewindClient\RewindClientDll\Dll1\CppSDK\SDK\CoreUObject_classes.hpp(281,26):
          'SDK::StaticClassImpl': invalid expression as a template argument for 'Name'
  
C:\Users\Kenji\Documents\GitHub\RewindClient\RewindClientDll\Dll1\CppSDK\SDK\CoreUObject_classes.hpp(308,10): error C2672: 'SDK::StaticClassImpl': no matching overloaded function found
  (compiling source file 'dllmain.cpp')
      C:\Users\Kenji\Documents\GitHub\RewindClient\RewindClientDll\Dll1\CppSDK\SDK\Basic.hpp(107,15):
      could be 'SDK::UClass *SDK::StaticClassImpl(void)'
          C:\Users\Kenji\Documents\GitHub\RewindClient\RewindClientDll\Dll1\CppSDK\SDK\CoreUObject_classes.hpp(308,26):
          'SDK::StaticClassImpl': invalid expression as a template argument for 'Name'
  
C:\Users\Kenji\Documents\GitHub\RewindClient\RewindClientDll\Dll1\CppSDK\SDK\CoreUObject_classes.hpp(334,10): error C2672: 'SDK::StaticClassImpl': no matching overloaded function found
  (compiling source file 'dllmain.cpp')
      C:\Users\Kenji\Documents\GitHub\RewindClient\RewindClientDll\Dll1\CppSDK\SDK\Basic.hpp(107,15):
      could be 'SDK::UClass *SDK::StaticClassImpl(void)'
          C:\Users\Kenji\Documents\GitHub\RewindClient\RewindClientDll\Dll1\CppSDK\SDK\CoreUObject_classes.hpp(334,26):
          'SDK::StaticClassImpl': invalid expression as a template argument for 'Name'
  
C:\Users\Kenji\Documents\GitHub\RewindClient\RewindClientDll\Dll1\CppSDK\SDK\CoreUObject_classes.hpp(353,10): error C2672: 'SDK::StaticClassImpl': no matching overloaded function found
  (compiling source file 'dllmain.cpp')
      C:\Users\Kenji\Documents\GitHub\RewindClient\RewindClientDll\Dll1\CppSDK\SDK\Basic.hpp(107,15):
      could be 'SDK::UClass *SDK::StaticClassImpl(void)'
          C:\Users\Kenji\Documents\GitHub\RewindClient\RewindClientDll\Dll1\CppSDK\SDK\CoreUObject_classes.hpp(353,26):
          'SDK::StaticClassImpl': invalid expression as a template argument for 'Name'
  
C:\Users\Kenji\Documents\GitHub\RewindClient\RewindClientDll\Dll1\CppSDK\SDK\CoreUObject_classes.hpp(373,10): error C2672: 'SDK::StaticClassImpl': no matching overloaded function found
  (compiling source file 'dllmain.cpp')
      C:\Users\Kenji\Documents\GitHub\RewindClient\RewindClientDll\Dll1\CppSDK\SDK\Basic.hpp(107,15):
      could be 'SDK::UClass *SDK::StaticClassImpl(void)'
          C:\Users\Kenji\Documents\GitHub\RewindClient\RewindClientDll\Dll1\CppSDK\SDK\CoreUObject_classes.hpp(373,26):
          'SDK::StaticClassImpl': invalid expression as a template argument for 'Name'
  
C:\Users\Kenji\Documents\GitHub\RewindClient\RewindClientDll\Dll1\CppSDK\SDK\CoreUObject_classes.hpp(393,10): error C2672: 'SDK::StaticClassImpl': no matching overloaded function found
  (compiling source file 'dllmain.cpp')
      C:\Users\Kenji\Documents\GitHub\RewindClient\RewindClientDll\Dll1\CppSDK\SDK\Basic.hpp(107,15):
      could be 'SDK::UClass *SDK::StaticClassImpl(void)'
          C:\Users\Kenji\Documents\GitHub\RewindClient\RewindClientDll\Dll1\CppSDK\SDK\CoreUObject_classes.hpp(393,26):
          'SDK::StaticClassImpl': invalid expression as a template argument for 'Name'
  
C:\Users\Kenji\Documents\GitHub\RewindClient\RewindClientDll\Dll1\CppSDK\SDK\CoreUObject_classes.hpp(415,10): error C2672: 'SDK::StaticClassImpl': no matching overloaded function found
  (compiling source file 'dllmain.cpp')
      C:\Users\Kenji\Documents\GitHub\RewindClient\RewindClientDll\Dll1\CppSDK\SDK\Basic.hpp(107,15):
      could be 'SDK::UClass *SDK::StaticClassImpl(void)'
          C:\Users\Kenji\Documents\GitHub\RewindClient\RewindClientDll\Dll1\CppSDK\SDK\CoreUObject_classes.hpp(415,26):
          'SDK::StaticClassImpl': invalid expression as a template argument for 'Name'
  
C:\Users\Kenji\Documents\GitHub\RewindClient\RewindClientDll\Dll1\CppSDK\SDK\CoreUObject_classes.hpp(437,10): error C2672: 'SDK::StaticClassImpl': no matching overloaded function found
  (compiling source file 'dllmain.cpp')
      C:\Users\Kenji\Documents\GitHub\RewindClient\RewindClientDll\Dll1\CppSDK\SDK\Basic.hpp(107,15):
      could be 'SDK::UClass *SDK::StaticClassImpl(void)'
          C:\Users\Kenji\Documents\GitHub\RewindClient\RewindClientDll\Dll1\CppSDK\SDK\CoreUObject_classes.hpp(437,26):
          'SDK::StaticClassImpl': invalid expression as a template argument for 'Name'
  
C:\Users\Kenji\Documents\GitHub\RewindClient\RewindClientDll\Dll1\CppSDK\SDK\CoreUObject_classes.hpp(459,10): error C2672: 'SDK::StaticClassImpl': no matching overloaded function found
  (compiling source file 'dllmain.cpp')
      C:\Users\Kenji\Documents\GitHub\RewindClient\RewindClientDll\Dll1\CppSDK\SDK\Basic.hpp(107,15):
      could be 'SDK::UClass *SDK::StaticClassImpl(void)'
          C:\Users\Kenji\Documents\GitHub\RewindClient\RewindClientDll\Dll1\CppSDK\SDK\CoreUObject_classes.hpp(459,26):
          'SDK::StaticClassImpl': invalid expression as a template argument for 'Name'
  
C:\Users\Kenji\Documents\GitHub\RewindClient\RewindClientDll\Dll1\CppSDK\SDK\CoreUObject_classes.hpp(479,10): error C2672: 'SDK::StaticClassImpl': no matching overloaded function found
  (compiling source file 'dllmain.cpp')
      C:\Users\Kenji\Documents\GitHub\RewindClient\RewindClientDll\Dll1\CppSDK\SDK\Basic.hpp(107,15):
      could be 'SDK::UClass *SDK::StaticClassImpl(void)'
          C:\Users\Kenji\Documents\GitHub\RewindClient\RewindClientDll\Dll1\CppSDK\SDK\CoreUObject_classes.hpp(479,26):
          'SDK::StaticClassImpl': invalid expression as a template argument for 'Name'
  
C:\Users\Kenji\Documents\GitHub\RewindClient\RewindClientDll\Dll1\CppSDK\SDK\CoreUObject_classes.hpp(499,10): error C2672: 'SDK::StaticClassImpl': no matching overloaded function found
  (compiling source file 'dllmain.cpp')
      C:\Users\Kenji\Documents\GitHub\RewindClient\RewindClientDll\Dll1\CppSDK\SDK\Basic.hpp(107,15):
      could be 'SDK::UClass *SDK::StaticClassImpl(void)'
          C:\Users\Kenji\Documents\GitHub\RewindClient\RewindClientDll\Dll1\CppSDK\SDK\CoreUObject_classes.hpp(499,26):
          'SDK::StaticClassImpl': invalid expression as a template argument for 'Name'
  
C:\Users\Kenji\Documents\GitHub\RewindClient\RewindClientDll\Dll1\CppSDK\SDK\CoreUObject_classes.hpp(519,10): error C2672: 'SDK::StaticClassImpl': no matching overloaded function found
  (compiling source file 'dllmain.cpp')
      C:\Users\Kenji\Documents\GitHub\RewindClient\RewindClientDll\Dll1\CppSDK\SDK\Basic.hpp(107,15):
      could be 'SDK::UClass *SDK::StaticClassImpl(void)'
          C:\Users\Kenji\Documents\GitHub\RewindClient\RewindClientDll\Dll1\CppSDK\SDK\CoreUObject_classes.hpp(519,26):
          'SDK::StaticClassImpl': invalid expression as a template argument for 'Name'
  
C:\Users\Kenji\Documents\GitHub\RewindClient\RewindClientDll\Dll1\CppSDK\SDK\CoreUObject_classes.hpp(539,10): error C2672: 'SDK::StaticClassImpl': no matching overloaded function found
  (compiling source file 'dllmain.cpp')
      C:\Users\Kenji\Documents\GitHub\RewindClient\RewindClientDll\Dll1\CppSDK\SDK\Basic.hpp(107,15):
      could be 'SDK::UClass *SDK::StaticClassImpl(void)'
          C:\Users\Kenji\Documents\GitHub\RewindClient\RewindClientDll\Dll1\CppSDK\SDK\CoreUObject_classes.hpp(539,26):
          'SDK::StaticClassImpl': invalid expression as a template argument for 'Name'
  
C:\Users\Kenji\Documents\GitHub\RewindClient\RewindClientDll\Dll1\CppSDK\SDK\CoreUObject_classes.hpp(559,10): error C2672: 'SDK::StaticClassImpl': no matching overloaded function found
  (compiling source file 'dllmain.cpp')
      C:\Users\Kenji\Documents\GitHub\RewindClient\RewindClientDll\Dll1\CppSDK\SDK\Basic.hpp(107,15):
      could be 'SDK::UClass *SDK::StaticClassImpl(void)'
          C:\Users\Kenji\Documents\GitHub\RewindClient\RewindClientDll\Dll1\CppSDK\SDK\CoreUObject_classes.hpp(559,26):
          'SDK::StaticClassImpl': invalid expression as a template argument for 'Name'
  
C:\Users\Kenji\Documents\GitHub\RewindClient\RewindClientDll\Dll1\CppSDK\SDK\CoreUObject_classes.hpp(580,10): error C2672: 'SDK::StaticClassImpl': no matching overloaded function found
  (compiling source file 'dllmain.cpp')
      C:\Users\Kenji\Documents\GitHub\RewindClient\RewindClientDll\Dll1\CppSDK\SDK\Basic.hpp(107,15):
      could be 'SDK::UClass *SDK::StaticClassImpl(void)'
          C:\Users\Kenji\Documents\GitHub\RewindClient\RewindClientDll\Dll1\CppSDK\SDK\CoreUObject_classes.hpp(580,26):
          'SDK::StaticClassImpl': invalid expression as a template argument for 'Name'
  
C:\Users\Kenji\Documents\GitHub\RewindClient\RewindClientDll\Dll1\CppSDK\SDK\CoreUObject_classes.hpp(605,10): error C2672: 'SDK::StaticClassImpl': no matching overloaded function found
  (compiling source file 'dllmain.cpp')
      C:\Users\Kenji\Documents\GitHub\RewindClient\RewindClientDll\Dll1\CppSDK\SDK\Basic.hpp(107,15):
      could be 'SDK::UClass *SDK::StaticClassImpl(void)'
          C:\Users\Kenji\Documents\GitHub\RewindClient\RewindClientDll\Dll1\CppSDK\SDK\CoreUObject_classes.hpp(605,26):
          'SDK::StaticClassImpl': invalid expression as a template argument for 'Name'
  
C:\Users\Kenji\Documents\GitHub\RewindClient\RewindClientDll\Dll1\CppSDK\SDK\CoreUObject_classes.hpp(629,10): error C2672: 'SDK::StaticClassImpl': no matching overloaded function found
  (compiling source file 'dllmain.cpp')
      C:\Users\Kenji\Documents\GitHub\RewindClient\RewindClientDll\Dll1\CppSDK\SDK\Basic.hpp(107,15):
      could be 'SDK::UClass *SDK::StaticClassImpl(void)'
          C:\Users\Kenji\Documents\GitHub\RewindClient\RewindClientDll\Dll1\CppSDK\SDK\CoreUObject_classes.hpp(629,26):
          'SDK::StaticClassImpl': invalid expression as a template argument for 'Name'
  
C:\Users\Kenji\Documents\GitHub\RewindClient\RewindClientDll\Dll1\CppSDK\SDK\CoreUObject_classes.hpp(647,10): error C2672: 'SDK::StaticClassImpl': no matching overloaded function found
  (compiling source file 'dllmain.cpp')
      C:\Users\Kenji\Documents\GitHub\RewindClient\RewindClientDll\Dll1\CppSDK\SDK\Basic.hpp(107,15):
      could be 'SDK::UClass *SDK::StaticClassImpl(void)'
          C:\Users\Kenji\Documents\GitHub\RewindClient\RewindClientDll\Dll1\CppSDK\SDK\CoreUObject_classes.hpp(647,26):
          'SDK::StaticClassImpl': invalid expression as a template argument for 'Name'
  
C:\Users\Kenji\Documents\GitHub\RewindClient\RewindClientDll\Dll1\CppSDK\SDK\CoreUObject_classes.hpp(667,10): error C2672: 'SDK::StaticClassImpl': no matching overloaded function found
  (compiling source file 'dllmain.cpp')
      C:\Users\Kenji\Documents\GitHub\RewindClient\RewindClientDll\Dll1\CppSDK\SDK\Basic.hpp(107,15):
      could be 'SDK::UClass *SDK::StaticClassImpl(void)'
          C:\Users\Kenji\Documents\GitHub\RewindClient\RewindClientDll\Dll1\CppSDK\SDK\CoreUObject_classes.hpp(667,26):
          'SDK::StaticClassImpl': invalid expression as a template argument for 'Name'
  
C:\Users\Kenji\Documents\GitHub\RewindClient\RewindClientDll\Dll1\CppSDK\SDK\CoreUObject_classes.hpp(688,10): error C2672: 'SDK::StaticClassImpl': no matching overloaded function found
  (compiling source file 'dllmain.cpp')
      C:\Users\Kenji\Documents\GitHub\RewindClient\RewindClientDll\Dll1\CppSDK\SDK\Basic.hpp(107,15):
      could be 'SDK::UClass *SDK::StaticClassImpl(void)'
          C:\Users\Kenji\Documents\GitHub\RewindClient\RewindClientDll\Dll1\CppSDK\SDK\CoreUObject_classes.hpp(688,26):
          'SDK::StaticClassImpl': invalid expression as a template argument for 'Name'
  
C:\Users\Kenji\Documents\GitHub\RewindClient\RewindClientDll\Dll1\CppSDK\SDK\CoreUObject_classes.hpp(706,10): error C2672: 'SDK::StaticClassImpl': no matching overloaded function found
  (compiling source file 'dllmain.cpp')
      C:\Users\Kenji\Documents\GitHub\RewindClient\RewindClientDll\Dll1\CppSDK\SDK\Basic.hpp(107,15):
      could be 'SDK::UClass *SDK::StaticClassImpl(void)'
          C:\Users\Kenji\Documents\GitHub\RewindClient\RewindClientDll\Dll1\CppSDK\SDK\CoreUObject_classes.hpp(706,26):
          'SDK::StaticClassImpl': invalid expression as a template argument for 'Name'
  
C:\Users\Kenji\Documents\GitHub\RewindClient\RewindClientDll\Dll1\CppSDK\SDK\CoreUObject_classes.hpp(723,10): error C2672: 'SDK::StaticClassImpl': no matching overloaded function found
  (compiling source file 'dllmain.cpp')
      C:\Users\Kenji\Documents\GitHub\RewindClient\RewindClientDll\Dll1\CppSDK\SDK\Basic.hpp(107,15):
      could be 'SDK::UClass *SDK::StaticClassImpl(void)'
          C:\Users\Kenji\Documents\GitHub\RewindClient\RewindClientDll\Dll1\CppSDK\SDK\CoreUObject_classes.hpp(723,26):
          'SDK::StaticClassImpl': invalid expression as a template argument for 'Name'
  
C:\Users\Kenji\Documents\GitHub\RewindClient\RewindClientDll\Dll1\CppSDK\SDK\CoreUObject_classes.hpp(740,10): error C2672: 'SDK::StaticClassImpl': no matching overloaded function found
  (compiling source file 'dllmain.cpp')
      C:\Users\Kenji\Documents\GitHub\RewindClient\RewindClientDll\Dll1\CppSDK\SDK\Basic.hpp(107,15):
      could be 'SDK::UClass *SDK::StaticClassImpl(void)'
          C:\Users\Kenji\Documents\GitHub\RewindClient\RewindClientDll\Dll1\CppSDK\SDK\CoreUObject_classes.hpp(740,26):
          'SDK::StaticClassImpl': invalid expression as a template argument for 'Name'
  
C:\Users\Kenji\Documents\GitHub\RewindClient\RewindClientDll\Dll1\CppSDK\SDK\CoreUObject_classes.hpp(757,10): error C2672: 'SDK::StaticClassImpl': no matching overloaded function found
  (compiling source file 'dllmain.cpp')
      C:\Users\Kenji\Documents\GitHub\RewindClient\RewindClientDll\Dll1\CppSDK\SDK\Basic.hpp(107,15):
      could be 'SDK::UClass *SDK::StaticClassImpl(void)'
          C:\Users\Kenji\Documents\GitHub\RewindClient\RewindClientDll\Dll1\CppSDK\SDK\CoreUObject_classes.hpp(757,26):
          'SDK::StaticClassImpl': invalid expression as a template argument for 'Name'
  
C:\Users\Kenji\Documents\GitHub\RewindClient\RewindClientDll\Dll1\CppSDK\SDK\CoreUObject_classes.hpp(774,10): error C2672: 'SDK::StaticClassImpl': no matching overloaded function found
  (compiling source file 'dllmain.cpp')
      C:\Users\Kenji\Documents\GitHub\RewindClient\RewindClientDll\Dll1\CppSDK\SDK\Basic.hpp(107,15):
      could be 'SDK::UClass *SDK::StaticClassImpl(void)'
          C:\Users\Kenji\Documents\GitHub\RewindClient\RewindClientDll\Dll1\CppSDK\SDK\CoreUObject_classes.hpp(774,26):
          'SDK::StaticClassImpl': invalid expression as a template argument for 'Name'
  
C:\Users\Kenji\Documents\GitHub\RewindClient\RewindClientDll\Dll1\CppSDK\SDK\CoreUObject_classes.hpp(791,10): error C2672: 'SDK::StaticClassImpl': no matching overloaded function found
  (compiling source file 'dllmain.cpp')
      C:\Users\Kenji\Documents\GitHub\RewindClient\RewindClientDll\Dll1\CppSDK\SDK\Basic.hpp(107,15):
      could be 'SDK::UClass *SDK::StaticClassImpl(void)'
          C:\Users\Kenji\Documents\GitHub\RewindClient\RewindClientDll\Dll1\CppSDK\SDK\CoreUObject_classes.hpp(791,26):
          'SDK::StaticClassImpl': invalid expression as a template argument for 'Name'
  
C:\Users\Kenji\Documents\GitHub\RewindClient\RewindClientDll\Dll1\CppSDK\SDK\CoreUObject_classes.hpp(811,10): error C2672: 'SDK::StaticClassImpl': no matching overloaded function found
  (compiling source file 'dllmain.cpp')
      C:\Users\Kenji\Documents\GitHub\RewindClient\RewindClientDll\Dll1\CppSDK\SDK\Basic.hpp(107,15):
      could be 'SDK::UClass *SDK::StaticClassImpl(void)'
          C:\Users\Kenji\Documents\GitHub\RewindClient\RewindClientDll\Dll1\CppSDK\SDK\CoreUObject_classes.hpp(811,26):
          'SDK::StaticClassImpl': invalid expression as a template argument for 'Name'
  
C:\Users\Kenji\Documents\GitHub\RewindClient\RewindClientDll\Dll1\CppSDK\SDK\CoreUObject_classes.hpp(828,10): error C2672: 'SDK::StaticClassImpl': no matching overloaded function found
  (compiling source file 'dllmain.cpp')
      C:\Users\Kenji\Documents\GitHub\RewindClient\RewindClientDll\Dll1\CppSDK\SDK\Basic.hpp(107,15):
      could be 'SDK::UClass *SDK::StaticClassImpl(void)'
          C:\Users\Kenji\Documents\GitHub\RewindClient\RewindClientDll\Dll1\CppSDK\SDK\CoreUObject_classes.hpp(828,26):
          'SDK::StaticClassImpl': invalid expression as a template argument for 'Name'
  
C:\Users\Kenji\Documents\GitHub\RewindClient\RewindClientDll\Dll1\CppSDK\SDK\CoreUObject_classes.hpp(850,10): error C2672: 'SDK::StaticClassImpl': no matching overloaded function found
  (compiling source file 'dllmain.cpp')
      C:\Users\Kenji\Documents\GitHub\RewindClient\RewindClientDll\Dll1\CppSDK\SDK\Basic.hpp(107,15):
      could be 'SDK::UClass *SDK::StaticClassImpl(void)'
          C:\Users\Kenji\Documents\GitHub\RewindClient\RewindClientDll\Dll1\CppSDK\SDK\CoreUObject_classes.hpp(850,26):
          'SDK::StaticClassImpl': invalid expression as a template argument for 'Name'
  
C:\Users\Kenji\Documents\GitHub\RewindClient\RewindClientDll\Dll1\CppSDK\SDK\CoreUObject_classes.hpp(872,10): error C2672: 'SDK::StaticClassImpl': no matching overloaded function found
  (compiling source file 'dllmain.cpp')
      C:\Users\Kenji\Documents\GitHub\RewindClient\RewindClientDll\Dll1\CppSDK\SDK\Basic.hpp(107,15):
      could be 'SDK::UClass *SDK::StaticClassImpl(void)'
          C:\Users\Kenji\Documents\GitHub\RewindClient\RewindClientDll\Dll1\CppSDK\SDK\CoreUObject_classes.hpp(872,26):
          'SDK::StaticClassImpl': invalid expression as a template argument for 'Name'
  
C:\Users\Kenji\Documents\GitHub\RewindClient\RewindClientDll\Dll1\CppSDK\SDK\CoreUObject_classes.hpp(889,10): error C2672: 'SDK::StaticClassImpl': no matching overloaded function found
  (compiling source file 'dllmain.cpp')
      C:\Users\Kenji\Documents\GitHub\RewindClient\RewindClientDll\Dll1\CppSDK\SDK\Basic.hpp(107,15):
      could be 'SDK::UClass *SDK::StaticClassImpl(void)'
          C:\Users\Kenji\Documents\GitHub\RewindClient\RewindClientDll\Dll1\CppSDK\SDK\CoreUObject_classes.hpp(889,26):
          'SDK::StaticClassImpl': invalid expression as a template argument for 'Name'
  
C:\Users\Kenji\Documents\GitHub\RewindClient\RewindClientDll\Dll1\CppSDK\SDK\CoreUObject_classes.hpp(910,10): error C2672: 'SDK::StaticClassImpl': no matching overloaded function found
  (compiling source file 'dllmain.cpp')
      C:\Users\Kenji\Documents\GitHub\RewindClient\RewindClientDll\Dll1\CppSDK\SDK\Basic.hpp(107,15):
      could be 'SDK::UClass *SDK::StaticClassImpl(void)'
          C:\Users\Kenji\Documents\GitHub\RewindClient\RewindClientDll\Dll1\CppSDK\SDK\CoreUObject_classes.hpp(910,26):
          'SDK::StaticClassImpl': invalid expression as a template argument for 'Name'
  
C:\Users\Kenji\Documents\GitHub\RewindClient\RewindClientDll\Dll1\CppSDK\SDK\CoreUObject_classes.hpp(928,10): error C2672: 'SDK::StaticClassImpl': no matching overloaded function found
  (compiling source file 'dllmain.cpp')
      C:\Users\Kenji\Documents\GitHub\RewindClient\RewindClientDll\Dll1\CppSDK\SDK\Basic.hpp(107,15):
      could be 'SDK::UClass *SDK::StaticClassImpl(void)'
          C:\Users\Kenji\Documents\GitHub\RewindClient\RewindClientDll\Dll1\CppSDK\SDK\CoreUObject_classes.hpp(928,26):
          'SDK::StaticClassImpl': invalid expression as a template argument for 'Name'
  
C:\Users\Kenji\Documents\GitHub\RewindClient\RewindClientDll\Dll1\CppSDK\SDK\CoreUObject_classes.hpp(948,10): error C2672: 'SDK::StaticClassImpl': no matching overloaded function found
  (compiling source file 'dllmain.cpp')
      C:\Users\Kenji\Documents\GitHub\RewindClient\RewindClientDll\Dll1\CppSDK\SDK\Basic.hpp(107,15):
      could be 'SDK::UClass *SDK::StaticClassImpl(void)'
          C:\Users\Kenji\Documents\GitHub\RewindClient\RewindClientDll\Dll1\CppSDK\SDK\CoreUObject_classes.hpp(948,26):
          'SDK::StaticClassImpl': invalid expression as a template argument for 'Name'
  
C:\Users\Kenji\Documents\GitHub\RewindClient\RewindClientDll\Dll1\CppSDK\SDK\CoreUObject_classes.hpp(965,10): error C2672: 'SDK::StaticClassImpl': no matching overloaded function found
  (compiling source file 'dllmain.cpp')
      C:\Users\Kenji\Documents\GitHub\RewindClient\RewindClientDll\Dll1\CppSDK\SDK\Basic.hpp(107,15):
      could be 'SDK::UClass *SDK::StaticClassImpl(void)'
          C:\Users\Kenji\Documents\GitHub\RewindClient\RewindClientDll\Dll1\CppSDK\SDK\CoreUObject_classes.hpp(965,26):
          'SDK::StaticClassImpl': invalid expression as a template argument for 'Name'
  
C:\Users\Kenji\Documents\GitHub\RewindClient\RewindClientDll\Dll1\CppSDK\SDK\CoreUObject_classes.hpp(985,10): error C2672: 'SDK::StaticClassImpl': no matching overloaded function found
  (compiling source file 'dllmain.cpp')
      C:\Users\Kenji\Documents\GitHub\RewindClient\RewindClientDll\Dll1\CppSDK\SDK\Basic.hpp(107,15):
      could be 'SDK::UClass *SDK::StaticClassImpl(void)'
          C:\Users\Kenji\Documents\GitHub\RewindClient\RewindClientDll\Dll1\CppSDK\SDK\CoreUObject_classes.hpp(985,26):
          'SDK::StaticClassImpl': invalid expression as a template argument for 'Name'
  
C:\Users\Kenji\Documents\GitHub\RewindClient\RewindClientDll\Dll1\CppSDK\SDK\CoreUObject_classes.hpp(1003,10): error C2672: 'SDK::StaticClassImpl': no matching overloaded function found
  (compiling source file 'dllmain.cpp')
      C:\Users\Kenji\Documents\GitHub\RewindClient\RewindClientDll\Dll1\CppSDK\SDK\Basic.hpp(107,15):
      could be 'SDK::UClass *SDK::StaticClassImpl(void)'
          C:\Users\Kenji\Documents\GitHub\RewindClient\RewindClientDll\Dll1\CppSDK\SDK\CoreUObject_classes.hpp(1003,26):
          'SDK::StaticClassImpl': invalid expression as a template argument for 'Name'
  
C:\Users\Kenji\Documents\GitHub\RewindClient\RewindClientDll\Dll1\CppSDK\SDK\CoreUObject_classes.hpp(1020,10): error C2672: 'SDK::StaticClassImpl': no matching overloaded function found
  (compiling source file 'dllmain.cpp')
      C:\Users\Kenji\Documents\GitHub\RewindClient\RewindClientDll\Dll1\CppSDK\SDK\Basic.hpp(107,15):
      could be 'SDK::UClass *SDK::StaticClassImpl(void)'
          C:\Users\Kenji\Documents\GitHub\RewindClient\RewindClientDll\Dll1\CppSDK\SDK\CoreUObject_classes.hpp(1020,26):
          'SDK::StaticClassImpl': invalid expression as a template argument for 'Name'
  
C:\Users\Kenji\Documents\GitHub\RewindClient\RewindClientDll\Dll1\CppSDK\SDK\CoreUObject_classes.hpp(1037,10): error C2672: 'SDK::StaticClassImpl': no matching overloaded function found
  (compiling source file 'dllmain.cpp')
      C:\Users\Kenji\Documents\GitHub\RewindClient\RewindClientDll\Dll1\CppSDK\SDK\Basic.hpp(107,15):
      could be 'SDK::UClass *SDK::StaticClassImpl(void)'
          C:\Users\Kenji\Documents\GitHub\RewindClient\RewindClientDll\Dll1\CppSDK\SDK\CoreUObject_classes.hpp(1037,26):
          'SDK::StaticClassImpl': invalid expression as a template argument for 'Name'
  
C:\Users\Kenji\Documents\GitHub\RewindClient\RewindClientDll\Dll1\CppSDK\SDK\CoreUObject_classes.hpp(1054,10): error C2672: 'SDK::StaticClassImpl': no matching overloaded function found
  (compiling source file 'dllmain.cpp')
      C:\Users\Kenji\Documents\GitHub\RewindClient\RewindClientDll\Dll1\CppSDK\SDK\Basic.hpp(107,15):
      could be 'SDK::UClass *SDK::StaticClassImpl(void)'
          C:\Users\Kenji\Documents\GitHub\RewindClient\RewindClientDll\Dll1\CppSDK\SDK\CoreUObject_classes.hpp(1054,26):
          'SDK::StaticClassImpl': invalid expression as a template argument for 'Name'
  
C:\Users\Kenji\Documents\GitHub\RewindClient\RewindClientDll\Dll1\CppSDK\SDK\PacketHandler_classes.hpp(26,10): error C2672: 'SDK::StaticClassImpl': no matching overloaded function found
  (compiling source file 'dllmain.cpp')
      C:\Users\Kenji\Documents\GitHub\RewindClient\RewindClientDll\Dll1\CppSDK\SDK\Basic.hpp(107,15):
      could be 'SDK::UClass *SDK::StaticClassImpl(void)'
          C:\Users\Kenji\Documents\GitHub\RewindClient\RewindClientDll\Dll1\CppSDK\SDK\PacketHandler_classes.hpp(26,26):
          'SDK::StaticClassImpl': invalid expression as a template argument for 'Name'
  
C:\Users\Kenji\Documents\GitHub\RewindClient\RewindClientDll\Dll1\CppSDK\SDK\Engine_classes.hpp(244,10): error C2672: 'SDK::StaticClassImpl': no matching overloaded function found
  (compiling source file 'dllmain.cpp')
      C:\Users\Kenji\Documents\GitHub\RewindClient\RewindClientDll\Dll1\CppSDK\SDK\Basic.hpp(107,15):
      could be 'SDK::UClass *SDK::StaticClassImpl(void)'
          C:\Users\Kenji\Documents\GitHub\RewindClient\RewindClientDll\Dll1\CppSDK\SDK\Engine_classes.hpp(244,26):
          'SDK::StaticClassImpl': invalid expression as a template argument for 'Name'
  
C:\Users\Kenji\Documents\GitHub\RewindClient\RewindClientDll\Dll1\CppSDK\SDK\Engine_classes.hpp(305,10): error C2672: 'SDK::StaticClassImpl': no matching overloaded function found
  (compiling source file 'dllmain.cpp')
      C:\Users\Kenji\Documents\GitHub\RewindClient\RewindClientDll\Dll1\CppSDK\SDK\Basic.hpp(107,15):
      could be 'SDK::UClass *SDK::StaticClassImpl(void)'
          C:\Users\Kenji\Documents\GitHub\RewindClient\RewindClientDll\Dll1\CppSDK\SDK\Engine_classes.hpp(305,26):
          'SDK::StaticClassImpl': invalid expression as a template argument for 'Name'
  
C:\Users\Kenji\Documents\GitHub\RewindClient\RewindClientDll\Dll1\CppSDK\SDK\Engine_classes.hpp(373,10): error C2672: 'SDK::StaticClassImpl': no matching overloaded function found
  (compiling source file 'dllmain.cpp')
      C:\Users\Kenji\Documents\GitHub\RewindClient\RewindClientDll\Dll1\CppSDK\SDK\Basic.hpp(107,15):
      could be 'SDK::UClass *SDK::StaticClassImpl(void)'
          C:\Users\Kenji\Documents\GitHub\RewindClient\RewindClientDll\Dll1\CppSDK\SDK\Engine_classes.hpp(373,26):
          'SDK::StaticClassImpl': invalid expression as a template argument for 'Name'
  
C:\Users\Kenji\Documents\GitHub\RewindClient\RewindClientDll\Dll1\CppSDK\SDK\Engine_classes.hpp(435,10): error C2672: 'SDK::StaticClassImpl': no matching overloaded function found
  (compiling source file 'dllmain.cpp')
      C:\Users\Kenji\Documents\GitHub\RewindClient\RewindClientDll\Dll1\CppSDK\SDK\Basic.hpp(107,15):
      could be 'SDK::UClass *SDK::StaticClassImpl(void)'
          C:\Users\Kenji\Documents\GitHub\RewindClient\RewindClientDll\Dll1\CppSDK\SDK\Engine_classes.hpp(435,26):
          'SDK::StaticClassImpl': invalid expression as a template argument for 'Name'
  
C:\Users\Kenji\Documents\GitHub\RewindClient\RewindClientDll\Dll1\CppSDK\SDK\Engine_classes.hpp(516,10): error C2672: 'SDK::StaticClassImpl': no matching overloaded function found
  (compiling source file 'dllmain.cpp')
      C:\Users\Kenji\Documents\GitHub\RewindClient\RewindClientDll\Dll1\CppSDK\SDK\Basic.hpp(107,15):
      could be 'SDK::UClass *SDK::StaticClassImpl(void)'
          C:\Users\Kenji\Documents\GitHub\RewindClient\RewindClientDll\Dll1\CppSDK\SDK\Engine_classes.hpp(516,26):
          'SDK::StaticClassImpl': invalid expression as a template argument for 'Name'
  
C:\Users\Kenji\Documents\GitHub\RewindClient\RewindClientDll\Dll1\CppSDK\SDK\Engine_classes.hpp(631,10): error C2672: 'SDK::StaticClassImpl': no matching overloaded function found
  (compiling source file 'dllmain.cpp')
      C:\Users\Kenji\Documents\GitHub\RewindClient\RewindClientDll\Dll1\CppSDK\SDK\Basic.hpp(107,15):
      could be 'SDK::UClass *SDK::StaticClassImpl(void)'
          C:\Users\Kenji\Documents\GitHub\RewindClient\RewindClientDll\Dll1\CppSDK\SDK\Engine_classes.hpp(631,26):
          'SDK::StaticClassImpl': invalid expression as a template argument for 'Name'
  
C:\Users\Kenji\Documents\GitHub\RewindClient\RewindClientDll\Dll1\CppSDK\SDK\Engine_classes.hpp(855,10): error C2672: 'SDK::StaticClassImpl': no matching overloaded function found
  (compiling source file 'dllmain.cpp')
      C:\Users\Kenji\Documents\GitHub\RewindClient\RewindClientDll\Dll1\CppSDK\SDK\Basic.hpp(107,15):
      could be 'SDK::UClass *SDK::StaticClassImpl(void)'
          C:\Users\Kenji\Documents\GitHub\RewindClient\RewindClientDll\Dll1\CppSDK\SDK\Engine_classes.hpp(855,26):
          'SDK::StaticClassImpl': invalid expression as a template argument for 'Name'
  
C:\Users\Kenji\Documents\GitHub\RewindClient\RewindClientDll\Dll1\CppSDK\SDK\Engine_classes.hpp(918,10): error C2672: 'SDK::StaticClassImpl': no matching overloaded function found
  (compiling source file 'dllmain.cpp')
      C:\Users\Kenji\Documents\GitHub\RewindClient\RewindClientDll\Dll1\CppSDK\SDK\Basic.hpp(107,15):
      could be 'SDK::UClass *SDK::StaticClassImpl(void)'
          C:\Users\Kenji\Documents\GitHub\RewindClient\RewindClientDll\Dll1\CppSDK\SDK\Engine_classes.hpp(918,26):
          'SDK::StaticClassImpl': invalid expression as a template argument for 'Name'
  
C:\Users\Kenji\Documents\GitHub\RewindClient\RewindClientDll\Dll1\CppSDK\SDK\Engine_classes.hpp(960,10): error C2672: 'SDK::StaticClassImpl': no matching overloaded function found
  (compiling source file 'dllmain.cpp')
      C:\Users\Kenji\Documents\GitHub\RewindClient\RewindClientDll\Dll1\CppSDK\SDK\Basic.hpp(107,15):
      could be 'SDK::UClass *SDK::StaticClassImpl(void)'
          C:\Users\Kenji\Documents\GitHub\RewindClient\RewindClientDll\Dll1\CppSDK\SDK\Engine_classes.hpp(960,26):
          'SDK::StaticClassImpl': invalid expression as a template argument for 'Name'
  
C:\Users\Kenji\Documents\GitHub\RewindClient\RewindClientDll\Dll1\CppSDK\SDK\Engine_classes.hpp(987,10): error C2672: 'SDK::StaticClassImpl': no matching overloaded function found
  (compiling source file 'dllmain.cpp')
      C:\Users\Kenji\Documents\GitHub\RewindClient\RewindClientDll\Dll1\CppSDK\SDK\Basic.hpp(107,15):
      could be 'SDK::UClass *SDK::StaticClassImpl(void)'
          C:\Users\Kenji\Documents\GitHub\RewindClient\RewindClientDll\Dll1\CppSDK\SDK\Engine_classes.hpp(987,26):
          'SDK::StaticClassImpl': invalid expression as a template argument for 'Name'
  
C:\Users\Kenji\Documents\GitHub\RewindClient\RewindClientDll\Dll1\CppSDK\SDK\Engine_classes.hpp(1009,10): error C2672: 'SDK::StaticClassImpl': no matching overloaded function found
  (compiling source file 'dllmain.cpp')
      C:\Users\Kenji\Documents\GitHub\RewindClient\RewindClientDll\Dll1\CppSDK\SDK\Basic.hpp(107,15):
      could be 'SDK::UClass *SDK::StaticClassImpl(void)'
          C:\Users\Kenji\Documents\GitHub\RewindClient\RewindClientDll\Dll1\CppSDK\SDK\Engine_classes.hpp(1009,26):
          'SDK::StaticClassImpl': invalid expression as a template argument for 'Name'
  
C:\Users\Kenji\Documents\GitHub\RewindClient\RewindClientDll\Dll1\CppSDK\SDK\Engine_classes.hpp(1032,10): error C2672: 'SDK::StaticClassImpl': no matching overloaded function found
  (compiling source file 'dllmain.cpp')
      C:\Users\Kenji\Documents\GitHub\RewindClient\RewindClientDll\Dll1\CppSDK\SDK\Basic.hpp(107,15):
      could be 'SDK::UClass *SDK::StaticClassImpl(void)'
          C:\Users\Kenji\Documents\GitHub\RewindClient\RewindClientDll\Dll1\CppSDK\SDK\Engine_classes.hpp(1032,26):
          'SDK::StaticClassImpl': invalid expression as a template argument for 'Name'
  
C:\Users\Kenji\Documents\GitHub\RewindClient\RewindClientDll\Dll1\CppSDK\SDK\Engine_classes.hpp(1056,10): error C2672: 'SDK::StaticClassImpl': no matching overloaded function found
  (compiling source file 'dllmain.cpp')
      C:\Users\Kenji\Documents\GitHub\RewindClient\RewindClientDll\Dll1\CppSDK\SDK\Basic.hpp(107,15):
      could be 'SDK::UClass *SDK::StaticClassImpl(void)'
          C:\Users\Kenji\Documents\GitHub\RewindClient\RewindClientDll\Dll1\CppSDK\SDK\Engine_classes.hpp(1056,26):
          'SDK::StaticClassImpl': invalid expression as a template argument for 'Name'
  
C:\Users\Kenji\Documents\GitHub\RewindClient\RewindClientDll\Dll1\CppSDK\SDK\Engine_classes.hpp(1078,10): error C2672: 'SDK::StaticClassImpl': no matching overloaded function found
  (compiling source file 'dllmain.cpp')
      C:\Users\Kenji\Documents\GitHub\RewindClient\RewindClientDll\Dll1\CppSDK\SDK\Basic.hpp(107,15):
      could be 'SDK::UClass *SDK::StaticClassImpl(void)'
          C:\Users\Kenji\Documents\GitHub\RewindClient\RewindClientDll\Dll1\CppSDK\SDK\Engine_classes.hpp(1078,26):
          'SDK::StaticClassImpl': invalid expression as a template argument for 'Name'
  
C:\Users\Kenji\Documents\GitHub\RewindClient\RewindClientDll\Dll1\CppSDK\SDK\Engine_classes.hpp(1113,10): error C2672: 'SDK::StaticClassImpl': no matching overloaded function found
  (compiling source file 'dllmain.cpp')
      C:\Users\Kenji\Documents\GitHub\RewindClient\RewindClientDll\Dll1\CppSDK\SDK\Basic.hpp(107,15):
      could be 'SDK::UClass *SDK::StaticClassImpl(void)'
          C:\Users\Kenji\Documents\GitHub\RewindClient\RewindClientDll\Dll1\CppSDK\SDK\Engine_classes.hpp(1113,26):
          'SDK::StaticClassImpl': invalid expression as a template argument for 'Name'
  
C:\Users\Kenji\Documents\GitHub\RewindClient\RewindClientDll\Dll1\CppSDK\SDK\Engine_classes.hpp(1131,10): error C2672: 'SDK::StaticClassImpl': no matching overloaded function found
  (compiling source file 'dllmain.cpp')
      C:\Users\Kenji\Documents\GitHub\RewindClient\RewindClientDll\Dll1\CppSDK\SDK\Basic.hpp(107,15):
      could be 'SDK::UClass *SDK::StaticClassImpl(void)'
          C:\Users\Kenji\Documents\GitHub\RewindClient\RewindClientDll\Dll1\CppSDK\SDK\Engine_classes.hpp(1131,26):
          'SDK::StaticClassImpl': invalid expression as a template argument for 'Name'
  
C:\Users\Kenji\Documents\GitHub\RewindClient\RewindClientDll\Dll1\CppSDK\SDK\Engine_classes.hpp(1153,10): error C2672: 'SDK::StaticClassImpl': no matching overloaded function found
  (compiling source file 'dllmain.cpp')
      C:\Users\Kenji\Documents\GitHub\RewindClient\RewindClientDll\Dll1\CppSDK\SDK\Basic.hpp(107,15):
      could be 'SDK::UClass *SDK::StaticClassImpl(void)'
          C:\Users\Kenji\Documents\GitHub\RewindClient\RewindClientDll\Dll1\CppSDK\SDK\Engine_classes.hpp(1153,26):
          'SDK::StaticClassImpl': invalid expression as a template argument for 'Name'
  
C:\Users\Kenji\Documents\GitHub\RewindClient\RewindClientDll\Dll1\CppSDK\SDK\Engine_classes.hpp(1214,10): error C2672: 'SDK::StaticClassImpl': no matching overloaded function found
  (compiling source file 'dllmain.cpp')
      C:\Users\Kenji\Documents\GitHub\RewindClient\RewindClientDll\Dll1\CppSDK\SDK\Basic.hpp(107,15):
      could be 'SDK::UClass *SDK::StaticClassImpl(void)'
          C:\Users\Kenji\Documents\GitHub\RewindClient\RewindClientDll\Dll1\CppSDK\SDK\Engine_classes.hpp(1214,26):
          'SDK::StaticClassImpl': invalid expression as a template argument for 'Name'
  
C:\Users\Kenji\Documents\GitHub\RewindClient\RewindClientDll\Dll1\CppSDK\SDK\Engine_classes.hpp(1214,10): error C1003: error count exceeds 100; stopping compilation
  (compiling source file 'dllmain.cpp')
  
